#
# There is insufficient memory for the Java Runtime Environment to continue.
# Native memory allocation (mmap) failed to map 65536 bytes for Failed to commit metaspace.
# Possible reasons:
#   The system is out of physical RAM or swap space
#   The process is running with CompressedOops enabled, and the Java Heap may be blocking the growth of the native heap
# Possible solutions:
#   Reduce memory load on the system
#   Increase physical memory or swap space
#   Check if swap backing store is full
#   Decrease Java heap size (-Xmx/-Xms)
#   Decrease number of Java threads
#   Decrease Java thread stack sizes (-Xss)
#   Set larger code cache with -XX:ReservedCodeCacheSize=
#   JVM is running with Zero Based Compressed Oops mode in which the Java heap is
#     placed in the first 32GB address space. The Java Heap base address is the
#     maximum limit for the native heap growth. Please use -XX:HeapBaseMinAddress
#     to set the Java Heap base and to place the Java Heap above 32GB virtual address.
# This output file may be truncated or incomplete.
#
#  Out of Memory Error (virtualSpaceNode.cpp:110), pid=17308, tid=2836
#
# JRE version: Java(TM) SE Runtime Environment (17.0.9+11) (build 17.0.9+11-LTS-201)
# Java VM: Java HotSpot(TM) 64-Bit Server VM (17.0.9+11-LTS-201, mixed mode, tiered, compressed oops, compressed class ptrs, g1 gc, windows-amd64)
# No core dump will be written. Minidumps are not enabled by default on client versions of Windows
#

---------------  S U M M A R Y ------------

Command Line: -Dclassworlds.conf=C:\Program Files\NetBeans-20\netbeans\java\maven\bin\m2.conf -Dmaven.home=C:\Program Files\NetBeans-20\netbeans\java\maven -Dlibrary.jansi.path=C:\Program Files\NetBeans-20\netbeans\java\maven\lib\jansi-native -Dmaven.multiModuleProjectDirectory=C:\Users\REMEDIOS CONTRERAS\Documents\NetBeansProjects\prestamosBiblioteca org.codehaus.plexus.classworlds.launcher.Launcher -Dexec.vmArgs= -Dexec.args=${exec.vmArgs} -classpath %classpath ${exec.mainClass} ${exec.appArgs} -Dexec.executable=java -Dexec.mainClass=com.mycompany.prestamosbiblioteca.Main -Dexec.classpathScope=runtime -Dexec.appArgs= -Dmaven.ext.class.path=C:\Program Files\NetBeans-20\netbeans\java\maven-nblib\netbeans-eventspy.jar -Dfile.encoding=UTF-8 process-classes org.codehaus.mojo:exec-maven-plugin:3.1.0:exec

Host: Intel(R) Core(TM) i5-10210U CPU @ 1.60GHz, 8 cores, 11G,  Windows 11 , 64 bit Build 22621 (10.0.22621.3235)
Time: Sat Mar 16 08:38:56 2024 Hora estándar central (México) elapsed time: 0.235610 seconds (0d 0h 0m 0s)

---------------  T H R E A D  ---------------

Current thread (0x0000029a02e1b030):  JavaThread "main" [_thread_in_vm, id=2836, stack(0x000000e625b00000,0x000000e625c00000)]

Stack: [0x000000e625b00000,0x000000e625c00000]
Native frames: (J=compiled Java code, j=interpreted, Vv=VM code, C=native code)
V  [jvm.dll+0x678a4a]
V  [jvm.dll+0x7d9cfd]
V  [jvm.dll+0x7db60e]
V  [jvm.dll+0x7dbc73]
V  [jvm.dll+0x245e1f]
V  [jvm.dll+0x7d5a0b]
V  [jvm.dll+0x61ebc6]
V  [jvm.dll+0x61ec2a]
V  [jvm.dll+0x62145d]
V  [jvm.dll+0x61f586]
V  [jvm.dll+0x23b871]
V  [jvm.dll+0x1ea6f7]
V  [jvm.dll+0x1e0391]
V  [jvm.dll+0x53eaec]
V  [jvm.dll+0x1f0caa]
V  [jvm.dll+0x75394d]
V  [jvm.dll+0x754d46]
V  [jvm.dll+0x7554d5]
V  [jvm.dll+0x1eafb1]
V  [jvm.dll+0x1e03aa]
V  [jvm.dll+0x53eaec]
V  [jvm.dll+0x1f0caa]
V  [jvm.dll+0x75394d]
V  [jvm.dll+0x754d46]
V  [jvm.dll+0x755078]
V  [jvm.dll+0x23e1db]
V  [jvm.dll+0x37dd3e]
C  0x0000029a13c1b82d

Java frames: (J=compiled Java code, j=interpreted, Vv=VM code)
j  java.lang.ClassLoader.definePackage(Ljava/lang/String;Ljava/lang/String;Ljava/lang/String;Ljava/lang/String;Ljava/lang/String;Ljava/lang/String;Ljava/lang/String;Ljava/net/URL;)Ljava/lang/Package;+5 java.base@17.0.9
j  jdk.internal.loader.BuiltinClassLoader.definePackage(Ljava/lang/String;Ljava/util/jar/Manifest;Ljava/net/URL;)Ljava/lang/Package;+273 java.base@17.0.9
j  jdk.internal.loader.BuiltinClassLoader.defineOrCheckPackage(Ljava/lang/String;Ljava/util/jar/Manifest;Ljava/net/URL;)Ljava/lang/Package;+22 java.base@17.0.9
j  jdk.internal.loader.ClassLoaders$AppClassLoader.defineOrCheckPackage(Ljava/lang/String;Ljava/util/jar/Manifest;Ljava/net/URL;)Ljava/lang/Package;+4 java.base@17.0.9
j  jdk.internal.loader.BuiltinClassLoader.defineClass(Ljava/lang/String;Ljdk/internal/loader/Resource;)Ljava/lang/Class;+40 java.base@17.0.9
j  jdk.internal.loader.BuiltinClassLoader.findClassOnClassPathOrNull(Ljava/lang/String;)Ljava/lang/Class;+37 java.base@17.0.9
j  jdk.internal.loader.BuiltinClassLoader.loadClassOrNull(Ljava/lang/String;Z)Ljava/lang/Class;+111 java.base@17.0.9
j  jdk.internal.loader.BuiltinClassLoader.loadClass(Ljava/lang/String;Z)Ljava/lang/Class;+3 java.base@17.0.9
j  jdk.internal.loader.ClassLoaders$AppClassLoader.loadClass(Ljava/lang/String;Z)Ljava/lang/Class;+36 java.base@17.0.9
j  java.lang.ClassLoader.loadClass(Ljava/lang/String;)Ljava/lang/Class;+3 java.base@17.0.9
v  ~StubRoutines::call_stub
j  java.lang.Class.forName0(Ljava/lang/String;ZLjava/lang/ClassLoader;Ljava/lang/Class;)Ljava/lang/Class;+0 java.base@17.0.9
j  java.lang.Class.forName(Ljava/lang/String;ZLjava/lang/ClassLoader;)Ljava/lang/Class;+43 java.base@17.0.9
j  sun.launcher.LauncherHelper.loadMainClass(ILjava/lang/String;)Ljava/lang/Class;+95 java.base@17.0.9
j  sun.launcher.LauncherHelper.checkAndLoadMain(ZILjava/lang/String;)Ljava/lang/Class;+42 java.base@17.0.9
v  ~StubRoutines::call_stub

---------------  P R O C E S S  ---------------

Threads class SMR info:
_java_thread_list=0x0000029a25742120, length=12, elements={
0x0000029a02e1b030, 0x0000029a2556d020, 0x0000029a2556ddb0, 0x0000029a25541b90,
0x0000029a25544670, 0x0000029a255a0a30, 0x0000029a255a1300, 0x0000029a255a23c0,
0x0000029a255b6860, 0x0000029a255d7960, 0x0000029a2572ad50, 0x0000029a25743430
}

Java Threads: ( => current thread )
=>0x0000029a02e1b030 JavaThread "main" [_thread_in_vm, id=2836, stack(0x000000e625b00000,0x000000e625c00000)]
  0x0000029a2556d020 JavaThread "Reference Handler" daemon [_thread_blocked, id=6128, stack(0x000000e626200000,0x000000e626300000)]
  0x0000029a2556ddb0 JavaThread "Finalizer" daemon [_thread_blocked, id=13636, stack(0x000000e626300000,0x000000e626400000)]
  0x0000029a25541b90 JavaThread "Signal Dispatcher" daemon [_thread_blocked, id=1216, stack(0x000000e626400000,0x000000e626500000)]
  0x0000029a25544670 JavaThread "Attach Listener" daemon [_thread_blocked, id=980, stack(0x000000e626500000,0x000000e626600000)]
  0x0000029a255a0a30 JavaThread "Service Thread" daemon [_thread_blocked, id=9472, stack(0x000000e626600000,0x000000e626700000)]
  0x0000029a255a1300 JavaThread "Monitor Deflation Thread" daemon [_thread_blocked, id=5244, stack(0x000000e626700000,0x000000e626800000)]
  0x0000029a255a23c0 JavaThread "C2 CompilerThread0" daemon [_thread_blocked, id=5896, stack(0x000000e626800000,0x000000e626900000)]
  0x0000029a255b6860 JavaThread "C1 CompilerThread0" daemon [_thread_blocked, id=2756, stack(0x000000e626900000,0x000000e626a00000)]
  0x0000029a255d7960 JavaThread "Sweeper thread" daemon [_thread_blocked, id=10076, stack(0x000000e626a00000,0x000000e626b00000)]
  0x0000029a2572ad50 JavaThread "Notification Thread" daemon [_thread_blocked, id=4248, stack(0x000000e626b00000,0x000000e626c00000)]
  0x0000029a25743430 JavaThread "Common-Cleaner" daemon [_thread_blocked, id=9904, stack(0x000000e626d00000,0x000000e626e00000)]

Other Threads:
  0x0000029a2550e7b0 VMThread "VM Thread" [stack: 0x000000e626100000,0x000000e626200000] [id=2456]
  0x0000029a25737690 WatcherThread [stack: 0x000000e626c00000,0x000000e626d00000] [id=14020]
  0x0000029a04e8c000 GCTaskThread "GC Thread#0" [stack: 0x000000e625c00000,0x000000e625d00000] [id=10512]
  0x0000029a04e98be0 ConcurrentGCThread "G1 Main Marker" [stack: 0x000000e625d00000,0x000000e625e00000] [id=9432]
  0x0000029a04e99500 ConcurrentGCThread "G1 Conc#0" [stack: 0x000000e625e00000,0x000000e625f00000] [id=8712]
  0x0000029a04efe9c0 ConcurrentGCThread "G1 Refine#0" [stack: 0x000000e625f00000,0x000000e626000000] [id=16652]
  0x0000029a253965b0 ConcurrentGCThread "G1 Service" [stack: 0x000000e626000000,0x000000e626100000] [id=10996]

Threads with active compile tasks:

VM state: not at safepoint (normal execution)

VM Mutex/Monitor currently owned by a thread:  ([mutex/lock_event])
[0x0000029a04e31720] Metaspace_lock - owner thread: 0x0000029a02e1b030

Heap address: 0x0000000742800000, size: 3032 MB, Compressed Oops mode: Zero based, Oop shift amount: 3

CDS archive(s) not mapped
Compressed class space mapped at: 0x0000000800000000-0x0000000840000000, reserved size: 1073741824
Narrow klass base: 0x0000000800000000, Narrow klass shift: 0, Narrow klass range: 0x40000000

GC Precious Log:
 CPUs: 8 total, 8 available
 Memory: 12121M
 Large Page Support: Disabled
 NUMA Support: Disabled
 Compressed Oops: Enabled (Zero based)
 Heap Region Size: 2M
 Heap Min Capacity: 8M
 Heap Initial Capacity: 190M
 Heap Max Capacity: 3032M
 Pre-touch: Disabled
 Parallel Workers: 8
 Concurrent Workers: 2
 Concurrent Refinement Workers: 8
 Periodic GC: Disabled

Heap:
 garbage-first heap   total 194560K, used 0K [0x0000000742800000, 0x0000000800000000)
  region size 2048K, 1 young (2048K), 0 survivors (0K)
 Metaspace       used 4603K, committed 4608K, reserved 1114112K
  class space    used 380K, committed 384K, reserved 1048576K

Heap Regions: E=young(eden), S=young(survivor), O=old, HS=humongous(starts), HC=humongous(continues), CS=collection set, F=free, OA=open archive, CA=closed archive, TAMS=top-at-mark-start (previous, next)
|   0|0x0000000742800000, 0x0000000742800000, 0x0000000742a00000|  0%| F|  |TAMS 0x0000000742800000, 0x0000000742800000| Untracked 
|   1|0x0000000742a00000, 0x0000000742a00000, 0x0000000742c00000|  0%| F|  |TAMS 0x0000000742a00000, 0x0000000742a00000| Untracked 
|   2|0x0000000742c00000, 0x0000000742c00000, 0x0000000742e00000|  0%| F|  |TAMS 0x0000000742c00000, 0x0000000742c00000| Untracked 
|   3|0x0000000742e00000, 0x0000000742e00000, 0x0000000743000000|  0%| F|  |TAMS 0x0000000742e00000, 0x0000000742e00000| Untracked 
|   4|0x0000000743000000, 0x0000000743000000, 0x0000000743200000|  0%| F|  |TAMS 0x0000000743000000, 0x0000000743000000| Untracked 
|   5|0x0000000743200000, 0x0000000743200000, 0x0000000743400000|  0%| F|  |TAMS 0x0000000743200000, 0x0000000743200000| Untracked 
|   6|0x0000000743400000, 0x0000000743400000, 0x0000000743600000|  0%| F|  |TAMS 0x0000000743400000, 0x0000000743400000| Untracked 
|   7|0x0000000743600000, 0x0000000743600000, 0x0000000743800000|  0%| F|  |TAMS 0x0000000743600000, 0x0000000743600000| Untracked 
|   8|0x0000000743800000, 0x0000000743800000, 0x0000000743a00000|  0%| F|  |TAMS 0x0000000743800000, 0x0000000743800000| Untracked 
|   9|0x0000000743a00000, 0x0000000743a00000, 0x0000000743c00000|  0%| F|  |TAMS 0x0000000743a00000, 0x0000000743a00000| Untracked 
|  10|0x0000000743c00000, 0x0000000743c00000, 0x0000000743e00000|  0%| F|  |TAMS 0x0000000743c00000, 0x0000000743c00000| Untracked 
|  11|0x0000000743e00000, 0x0000000743e00000, 0x0000000744000000|  0%| F|  |TAMS 0x0000000743e00000, 0x0000000743e00000| Untracked 
|  12|0x0000000744000000, 0x0000000744000000, 0x0000000744200000|  0%| F|  |TAMS 0x0000000744000000, 0x0000000744000000| Untracked 
|  13|0x0000000744200000, 0x0000000744200000, 0x0000000744400000|  0%| F|  |TAMS 0x0000000744200000, 0x0000000744200000| Untracked 
|  14|0x0000000744400000, 0x0000000744400000, 0x0000000744600000|  0%| F|  |TAMS 0x0000000744400000, 0x0000000744400000| Untracked 
|  15|0x0000000744600000, 0x0000000744600000, 0x0000000744800000|  0%| F|  |TAMS 0x0000000744600000, 0x0000000744600000| Untracked 
|  16|0x0000000744800000, 0x0000000744800000, 0x0000000744a00000|  0%| F|  |TAMS 0x0000000744800000, 0x0000000744800000| Untracked 
|  17|0x0000000744a00000, 0x0000000744a00000, 0x0000000744c00000|  0%| F|  |TAMS 0x0000000744a00000, 0x0000000744a00000| Untracked 
|  18|0x0000000744c00000, 0x0000000744c00000, 0x0000000744e00000|  0%| F|  |TAMS 0x0000000744c00000, 0x0000000744c00000| Untracked 
|  19|0x0000000744e00000, 0x0000000744e00000, 0x0000000745000000|  0%| F|  |TAMS 0x0000000744e00000, 0x0000000744e00000| Untracked 
|  20|0x0000000745000000, 0x0000000745000000, 0x0000000745200000|  0%| F|  |TAMS 0x0000000745000000, 0x0000000745000000| Untracked 
|  21|0x0000000745200000, 0x0000000745200000, 0x0000000745400000|  0%| F|  |TAMS 0x0000000745200000, 0x0000000745200000| Untracked 
|  22|0x0000000745400000, 0x0000000745400000, 0x0000000745600000|  0%| F|  |TAMS 0x0000000745400000, 0x0000000745400000| Untracked 
|  23|0x0000000745600000, 0x0000000745600000, 0x0000000745800000|  0%| F|  |TAMS 0x0000000745600000, 0x0000000745600000| Untracked 
|  24|0x0000000745800000, 0x0000000745800000, 0x0000000745a00000|  0%| F|  |TAMS 0x0000000745800000, 0x0000000745800000| Untracked 
|  25|0x0000000745a00000, 0x0000000745a00000, 0x0000000745c00000|  0%| F|  |TAMS 0x0000000745a00000, 0x0000000745a00000| Untracked 
|  26|0x0000000745c00000, 0x0000000745c00000, 0x0000000745e00000|  0%| F|  |TAMS 0x0000000745c00000, 0x0000000745c00000| Untracked 
|  27|0x0000000745e00000, 0x0000000745e00000, 0x0000000746000000|  0%| F|  |TAMS 0x0000000745e00000, 0x0000000745e00000| Untracked 
|  28|0x0000000746000000, 0x0000000746000000, 0x0000000746200000|  0%| F|  |TAMS 0x0000000746000000, 0x0000000746000000| Untracked 
|  29|0x0000000746200000, 0x0000000746200000, 0x0000000746400000|  0%| F|  |TAMS 0x0000000746200000, 0x0000000746200000| Untracked 
|  30|0x0000000746400000, 0x0000000746400000, 0x0000000746600000|  0%| F|  |TAMS 0x0000000746400000, 0x0000000746400000| Untracked 
|  31|0x0000000746600000, 0x0000000746600000, 0x0000000746800000|  0%| F|  |TAMS 0x0000000746600000, 0x0000000746600000| Untracked 
|  32|0x0000000746800000, 0x0000000746800000, 0x0000000746a00000|  0%| F|  |TAMS 0x0000000746800000, 0x0000000746800000| Untracked 
|  33|0x0000000746a00000, 0x0000000746a00000, 0x0000000746c00000|  0%| F|  |TAMS 0x0000000746a00000, 0x0000000746a00000| Untracked 
|  34|0x0000000746c00000, 0x0000000746c00000, 0x0000000746e00000|  0%| F|  |TAMS 0x0000000746c00000, 0x0000000746c00000| Untracked 
|  35|0x0000000746e00000, 0x0000000746e00000, 0x0000000747000000|  0%| F|  |TAMS 0x0000000746e00000, 0x0000000746e00000| Untracked 
|  36|0x0000000747000000, 0x0000000747000000, 0x0000000747200000|  0%| F|  |TAMS 0x0000000747000000, 0x0000000747000000| Untracked 
|  37|0x0000000747200000, 0x0000000747200000, 0x0000000747400000|  0%| F|  |TAMS 0x0000000747200000, 0x0000000747200000| Untracked 
|  38|0x0000000747400000, 0x0000000747400000, 0x0000000747600000|  0%| F|  |TAMS 0x0000000747400000, 0x0000000747400000| Untracked 
|  39|0x0000000747600000, 0x0000000747600000, 0x0000000747800000|  0%| F|  |TAMS 0x0000000747600000, 0x0000000747600000| Untracked 
|  40|0x0000000747800000, 0x0000000747800000, 0x0000000747a00000|  0%| F|  |TAMS 0x0000000747800000, 0x0000000747800000| Untracked 
|  41|0x0000000747a00000, 0x0000000747a00000, 0x0000000747c00000|  0%| F|  |TAMS 0x0000000747a00000, 0x0000000747a00000| Untracked 
|  42|0x0000000747c00000, 0x0000000747c00000, 0x0000000747e00000|  0%| F|  |TAMS 0x0000000747c00000, 0x0000000747c00000| Untracked 
|  43|0x0000000747e00000, 0x0000000747e00000, 0x0000000748000000|  0%| F|  |TAMS 0x0000000747e00000, 0x0000000747e00000| Untracked 
|  44|0x0000000748000000, 0x0000000748000000, 0x0000000748200000|  0%| F|  |TAMS 0x0000000748000000, 0x0000000748000000| Untracked 
|  45|0x0000000748200000, 0x0000000748200000, 0x0000000748400000|  0%| F|  |TAMS 0x0000000748200000, 0x0000000748200000| Untracked 
|  46|0x0000000748400000, 0x0000000748400000, 0x0000000748600000|  0%| F|  |TAMS 0x0000000748400000, 0x0000000748400000| Untracked 
|  47|0x0000000748600000, 0x0000000748600000, 0x0000000748800000|  0%| F|  |TAMS 0x0000000748600000, 0x0000000748600000| Untracked 
|  48|0x0000000748800000, 0x0000000748800000, 0x0000000748a00000|  0%| F|  |TAMS 0x0000000748800000, 0x0000000748800000| Untracked 
|  49|0x0000000748a00000, 0x0000000748a00000, 0x0000000748c00000|  0%| F|  |TAMS 0x0000000748a00000, 0x0000000748a00000| Untracked 
|  50|0x0000000748c00000, 0x0000000748c00000, 0x0000000748e00000|  0%| F|  |TAMS 0x0000000748c00000, 0x0000000748c00000| Untracked 
|  51|0x0000000748e00000, 0x0000000748e00000, 0x0000000749000000|  0%| F|  |TAMS 0x0000000748e00000, 0x0000000748e00000| Untracked 
|  52|0x0000000749000000, 0x0000000749000000, 0x0000000749200000|  0%| F|  |TAMS 0x0000000749000000, 0x0000000749000000| Untracked 
|  53|0x0000000749200000, 0x0000000749200000, 0x0000000749400000|  0%| F|  |TAMS 0x0000000749200000, 0x0000000749200000| Untracked 
|  54|0x0000000749400000, 0x0000000749400000, 0x0000000749600000|  0%| F|  |TAMS 0x0000000749400000, 0x0000000749400000| Untracked 
|  55|0x0000000749600000, 0x0000000749600000, 0x0000000749800000|  0%| F|  |TAMS 0x0000000749600000, 0x0000000749600000| Untracked 
|  56|0x0000000749800000, 0x0000000749800000, 0x0000000749a00000|  0%| F|  |TAMS 0x0000000749800000, 0x0000000749800000| Untracked 
|  57|0x0000000749a00000, 0x0000000749a00000, 0x0000000749c00000|  0%| F|  |TAMS 0x0000000749a00000, 0x0000000749a00000| Untracked 
|  58|0x0000000749c00000, 0x0000000749c00000, 0x0000000749e00000|  0%| F|  |TAMS 0x0000000749c00000, 0x0000000749c00000| Untracked 
|  59|0x0000000749e00000, 0x0000000749e00000, 0x000000074a000000|  0%| F|  |TAMS 0x0000000749e00000, 0x0000000749e00000| Untracked 
|  60|0x000000074a000000, 0x000000074a000000, 0x000000074a200000|  0%| F|  |TAMS 0x000000074a000000, 0x000000074a000000| Untracked 
|  61|0x000000074a200000, 0x000000074a200000, 0x000000074a400000|  0%| F|  |TAMS 0x000000074a200000, 0x000000074a200000| Untracked 
|  62|0x000000074a400000, 0x000000074a400000, 0x000000074a600000|  0%| F|  |TAMS 0x000000074a400000, 0x000000074a400000| Untracked 
|  63|0x000000074a600000, 0x000000074a600000, 0x000000074a800000|  0%| F|  |TAMS 0x000000074a600000, 0x000000074a600000| Untracked 
|  64|0x000000074a800000, 0x000000074a800000, 0x000000074aa00000|  0%| F|  |TAMS 0x000000074a800000, 0x000000074a800000| Untracked 
|  65|0x000000074aa00000, 0x000000074aa00000, 0x000000074ac00000|  0%| F|  |TAMS 0x000000074aa00000, 0x000000074aa00000| Untracked 
|  66|0x000000074ac00000, 0x000000074ac00000, 0x000000074ae00000|  0%| F|  |TAMS 0x000000074ac00000, 0x000000074ac00000| Untracked 
|  67|0x000000074ae00000, 0x000000074ae00000, 0x000000074b000000|  0%| F|  |TAMS 0x000000074ae00000, 0x000000074ae00000| Untracked 
|  68|0x000000074b000000, 0x000000074b000000, 0x000000074b200000|  0%| F|  |TAMS 0x000000074b000000, 0x000000074b000000| Untracked 
|  69|0x000000074b200000, 0x000000074b200000, 0x000000074b400000|  0%| F|  |TAMS 0x000000074b200000, 0x000000074b200000| Untracked 
|  70|0x000000074b400000, 0x000000074b400000, 0x000000074b600000|  0%| F|  |TAMS 0x000000074b400000, 0x000000074b400000| Untracked 
|  71|0x000000074b600000, 0x000000074b600000, 0x000000074b800000|  0%| F|  |TAMS 0x000000074b600000, 0x000000074b600000| Untracked 
|  72|0x000000074b800000, 0x000000074b800000, 0x000000074ba00000|  0%| F|  |TAMS 0x000000074b800000, 0x000000074b800000| Untracked 
|  73|0x000000074ba00000, 0x000000074ba00000, 0x000000074bc00000|  0%| F|  |TAMS 0x000000074ba00000, 0x000000074ba00000| Untracked 
|  74|0x000000074bc00000, 0x000000074bc00000, 0x000000074be00000|  0%| F|  |TAMS 0x000000074bc00000, 0x000000074bc00000| Untracked 
|  75|0x000000074be00000, 0x000000074be00000, 0x000000074c000000|  0%| F|  |TAMS 0x000000074be00000, 0x000000074be00000| Untracked 
|  76|0x000000074c000000, 0x000000074c000000, 0x000000074c200000|  0%| F|  |TAMS 0x000000074c000000, 0x000000074c000000| Untracked 
|  77|0x000000074c200000, 0x000000074c200000, 0x000000074c400000|  0%| F|  |TAMS 0x000000074c200000, 0x000000074c200000| Untracked 
|  78|0x000000074c400000, 0x000000074c400000, 0x000000074c600000|  0%| F|  |TAMS 0x000000074c400000, 0x000000074c400000| Untracked 
|  79|0x000000074c600000, 0x000000074c600000, 0x000000074c800000|  0%| F|  |TAMS 0x000000074c600000, 0x000000074c600000| Untracked 
|  80|0x000000074c800000, 0x000000074c800000, 0x000000074ca00000|  0%| F|  |TAMS 0x000000074c800000, 0x000000074c800000| Untracked 
|  81|0x000000074ca00000, 0x000000074ca00000, 0x000000074cc00000|  0%| F|  |TAMS 0x000000074ca00000, 0x000000074ca00000| Untracked 
|  82|0x000000074cc00000, 0x000000074cc00000, 0x000000074ce00000|  0%| F|  |TAMS 0x000000074cc00000, 0x000000074cc00000| Untracked 
|  83|0x000000074ce00000, 0x000000074ce00000, 0x000000074d000000|  0%| F|  |TAMS 0x000000074ce00000, 0x000000074ce00000| Untracked 
|  84|0x000000074d000000, 0x000000074d000000, 0x000000074d200000|  0%| F|  |TAMS 0x000000074d000000, 0x000000074d000000| Untracked 
|  85|0x000000074d200000, 0x000000074d200000, 0x000000074d400000|  0%| F|  |TAMS 0x000000074d200000, 0x000000074d200000| Untracked 
|  86|0x000000074d400000, 0x000000074d400000, 0x000000074d600000|  0%| F|  |TAMS 0x000000074d400000, 0x000000074d400000| Untracked 
|  87|0x000000074d600000, 0x000000074d600000, 0x000000074d800000|  0%| F|  |TAMS 0x000000074d600000, 0x000000074d600000| Untracked 
|  88|0x000000074d800000, 0x000000074d800000, 0x000000074da00000|  0%| F|  |TAMS 0x000000074d800000, 0x000000074d800000| Untracked 
|  89|0x000000074da00000, 0x000000074da00000, 0x000000074dc00000|  0%| F|  |TAMS 0x000000074da00000, 0x000000074da00000| Untracked 
|  90|0x000000074dc00000, 0x000000074dc00000, 0x000000074de00000|  0%| F|  |TAMS 0x000000074dc00000, 0x000000074dc00000| Untracked 
|  91|0x000000074de00000, 0x000000074de00000, 0x000000074e000000|  0%| F|  |TAMS 0x000000074de00000, 0x000000074de00000| Untracked 
|  92|0x000000074e000000, 0x000000074e000000, 0x000000074e200000|  0%| F|  |TAMS 0x000000074e000000, 0x000000074e000000| Untracked 
|  93|0x000000074e200000, 0x000000074e200000, 0x000000074e400000|  0%| F|  |TAMS 0x000000074e200000, 0x000000074e200000| Untracked 
|  94|0x000000074e400000, 0x000000074e5c2a40, 0x000000074e600000| 88%| E|  |TAMS 0x000000074e400000, 0x000000074e400000| Complete 

Card table byte_map: [0x0000029a1bff0000,0x0000029a1c5e0000] _byte_map_base: 0x0000029a185dc000

Marking Bits (Prev, Next): (CMBitMap*) 0x0000029a04e8c530, (CMBitMap*) 0x0000029a04e8c570
 Prev Bits: [0x0000029a1cbd0000, 0x0000029a1fb30000)
 Next Bits: [0x0000029a1fb30000, 0x0000029a22a90000)

Polling page: 0x0000029a04600000

Metaspace:

Usage:
  Non-class:      4.12 MB used.
      Class:    380.58 KB used.
       Both:      4.50 MB used.

Virtual space:
  Non-class space:       64.00 MB reserved,       4.12 MB (  6%) committed,  1 nodes.
      Class space:        1.00 GB reserved,     384.00 KB ( <1%) committed,  1 nodes.
             Both:        1.06 GB reserved,       4.50 MB ( <1%) committed. 

Chunk freelists:
   Non-Class:  11.00 MB
       Class:  15.62 MB
        Both:  26.62 MB

MaxMetaspaceSize: unlimited
CompressedClassSpaceSize: 1.00 GB
Initial GC threshold: 21.00 MB
Current GC threshold: 21.00 MB
CDS: off
MetaspaceReclaimPolicy: balanced
 - commit_granule_bytes: 65536.
 - commit_granule_words: 8192.
 - virtual_space_node_default_size: 8388608.
 - enlarge_chunks_in_place: 1.
 - new_chunks_are_fully_committed: 0.
 - uncommit_free_chunks: 1.
 - use_allocation_guard: 0.
 - handle_deallocations: 1.


Internal statistics:

num_allocs_failed_limit: 0.
num_arena_births: 2.
num_arena_deaths: 0.
num_vsnodes_births: 2.
num_vsnodes_deaths: 0.
num_space_committed: 72.
num_space_uncommitted: 0.
num_chunks_returned_to_freelist: 0.
num_chunks_taken_from_freelist: 5.
num_chunk_merges: 0.
num_chunk_splits: 3.
num_chunks_enlarged: 0.
num_inconsistent_stats: 0.

CodeHeap 'non-profiled nmethods': size=120000Kb used=13Kb max_used=13Kb free=119986Kb
 bounds [0x0000029a141a0000, 0x0000029a14410000, 0x0000029a1b6d0000]
CodeHeap 'profiled nmethods': size=120000Kb used=92Kb max_used=92Kb free=119907Kb
 bounds [0x0000029a0c6d0000, 0x0000029a0c940000, 0x0000029a13c00000]
CodeHeap 'non-nmethods': size=5760Kb used=1055Kb max_used=1055Kb free=4705Kb
 bounds [0x0000029a13c00000, 0x0000029a13e70000, 0x0000029a141a0000]
 total_blobs=389 nmethods=73 adapters=229
 compilation: enabled
              stopped_count=0, restarted_count=0
 full_count=0

Compilation events (20 events):
Event: 0.190 Thread 0x0000029a255b6860   64       3       java.lang.StringLatin1::canEncode (13 bytes)
Event: 0.190 Thread 0x0000029a255b6860 nmethod 64 0x0000029a0c6e4690 code [0x0000029a0c6e4820, 0x0000029a0c6e4978]
Event: 0.190 Thread 0x0000029a255b6860   65       3       java.lang.AbstractStringBuilder::isLatin1 (19 bytes)
Event: 0.191 Thread 0x0000029a255b6860 nmethod 65 0x0000029a0c6e4a10 code [0x0000029a0c6e4ba0, 0x0000029a0c6e4d18]
Event: 0.192 Thread 0x0000029a255b6860   66       3       java.util.Optional::<init> (10 bytes)
Event: 0.193 Thread 0x0000029a255b6860 nmethod 66 0x0000029a0c6e4d90 code [0x0000029a0c6e4f20, 0x0000029a0c6e50d8]
Event: 0.193 Thread 0x0000029a255b6860   68       3       java.lang.StringBuilder::append (8 bytes)
Event: 0.193 Thread 0x0000029a255b6860 nmethod 68 0x0000029a0c6e5190 code [0x0000029a0c6e5320, 0x0000029a0c6e5468]
Event: 0.193 Thread 0x0000029a255b6860   67       3       java.lang.String::isEmpty (14 bytes)
Event: 0.193 Thread 0x0000029a255b6860 nmethod 67 0x0000029a0c6e5510 code [0x0000029a0c6e56a0, 0x0000029a0c6e5818]
Event: 0.198 Thread 0x0000029a255b6860   69       3       java.lang.StringLatin1::indexOfChar (33 bytes)
Event: 0.199 Thread 0x0000029a255b6860 nmethod 69 0x0000029a0c6e5910 code [0x0000029a0c6e5ac0, 0x0000029a0c6e5cf8]
Event: 0.204 Thread 0x0000029a255b6860   70       3       java.lang.String::indexOf (29 bytes)
Event: 0.205 Thread 0x0000029a255b6860 nmethod 70 0x0000029a0c6e5e10 code [0x0000029a0c6e5fe0, 0x0000029a0c6e6298]
Event: 0.205 Thread 0x0000029a255b6860   71       3       java.lang.StringLatin1::indexOf (36 bytes)
Event: 0.205 Thread 0x0000029a255b6860 nmethod 71 0x0000029a0c6e6390 code [0x0000029a0c6e6560, 0x0000029a0c6e6998]
Event: 0.217 Thread 0x0000029a255b6860   72       3       java.util.zip.ZipUtils::SH (21 bytes)
Event: 0.217 Thread 0x0000029a255b6860 nmethod 72 0x0000029a0c6e6b10 code [0x0000029a0c6e6ca0, 0x0000029a0c6e6df8]
Event: 0.229 Thread 0x0000029a255b6860   73       3       java.lang.Math::min (11 bytes)
Event: 0.229 Thread 0x0000029a255b6860 nmethod 73 0x0000029a0c6e6f10 code [0x0000029a0c6e70a0, 0x0000029a0c6e71d8]

GC Heap History (0 events):
No events

Deoptimization events (0 events):
No events

Classes unloaded (0 events):
No events

Classes redefined (0 events):
No events

Internal exceptions (0 events):
No events

VM Operations (2 events):
Event: 0.229 Executing VM operation: HandshakeAllThreads
Event: 0.229 Executing VM operation: HandshakeAllThreads done

Events (20 events):
Event: 0.226 loading class sun/security/util/Debug
Event: 0.227 loading class sun/security/util/Debug done
Event: 0.227 loading class sun/security/action/GetIntegerAction
Event: 0.227 loading class sun/security/action/GetIntegerAction done
Event: 0.228 loading class jdk/internal/loader/URLClassPath$JarLoader$2
Event: 0.228 loading class jdk/internal/loader/Resource
Event: 0.228 loading class jdk/internal/loader/Resource done
Event: 0.228 loading class jdk/internal/loader/URLClassPath$JarLoader$2 done
Event: 0.228 loading class java/util/jar/Attributes
Event: 0.228 loading class java/util/jar/Attributes done
Event: 0.228 loading class java/util/LinkedHashMap
Event: 0.229 loading class java/util/LinkedHashMap done
Event: 0.229 loading class java/util/jar/Manifest$FastInputStream
Event: 0.229 loading class java/util/jar/Manifest$FastInputStream done
Event: 0.229 loading class java/io/ByteArrayOutputStream
Event: 0.229 loading class java/io/ByteArrayOutputStream done
Event: 0.229 loading class java/util/jar/Attributes$Name
Event: 0.229 loading class java/util/jar/Attributes$Name done
Event: 0.230 loading class java/lang/Package
Event: 0.231 loading class java/lang/NamedPackage


Dynamic libraries:
0x00007ff6ab090000 - 0x00007ff6ab0a0000 	C:\Program Files\Java\jdk-17\bin\java.exe
0x00007ffe50cf0000 - 0x00007ffe50f06000 	C:\WINDOWS\SYSTEM32\ntdll.dll
0x00007ffe50130000 - 0x00007ffe501f4000 	C:\WINDOWS\System32\KERNEL32.DLL
0x00007ffe4e450000 - 0x00007ffe4e7f6000 	C:\WINDOWS\System32\KERNELBASE.dll
0x00007ffe4e240000 - 0x00007ffe4e351000 	C:\WINDOWS\System32\ucrtbase.dll
0x00007ffe46730000 - 0x00007ffe4674b000 	C:\Program Files\Java\jdk-17\bin\VCRUNTIME140.dll
0x00007ffe29f50000 - 0x00007ffe29f69000 	C:\Program Files\Java\jdk-17\bin\jli.dll
0x00007ffe4f450000 - 0x00007ffe4f502000 	C:\WINDOWS\System32\ADVAPI32.dll
0x00007ffe506c0000 - 0x00007ffe50767000 	C:\WINDOWS\System32\msvcrt.dll
0x00007ffe50ad0000 - 0x00007ffe50b78000 	C:\WINDOWS\System32\sechost.dll
0x00007ffe4e420000 - 0x00007ffe4e448000 	C:\WINDOWS\System32\bcrypt.dll
0x00007ffe50b80000 - 0x00007ffe50c95000 	C:\WINDOWS\System32\RPCRT4.dll
0x00007ffe502e0000 - 0x00007ffe5048d000 	C:\WINDOWS\System32\USER32.dll
0x00007ffe3a550000 - 0x00007ffe3a7e3000 	C:\WINDOWS\WinSxS\amd64_microsoft.windows.common-controls_6595b64144ccf1df_6.0.22621.3235_none_270f74e173860f98\COMCTL32.dll
0x00007ffe4ea10000 - 0x00007ffe4ea36000 	C:\WINDOWS\System32\win32u.dll
0x00007ffe4ea40000 - 0x00007ffe4ea69000 	C:\WINDOWS\System32\GDI32.dll
0x00007ffe4e880000 - 0x00007ffe4e998000 	C:\WINDOWS\System32\gdi32full.dll
0x00007ffe4e030000 - 0x00007ffe4e0ca000 	C:\WINDOWS\System32\msvcp_win.dll
0x00007ffe485c0000 - 0x00007ffe485ca000 	C:\WINDOWS\SYSTEM32\VERSION.dll
0x00007ffe502a0000 - 0x00007ffe502d1000 	C:\WINDOWS\System32\IMM32.DLL
0x00007ffe47330000 - 0x00007ffe4733c000 	C:\Program Files\Java\jdk-17\bin\vcruntime140_1.dll
0x00007ffe461f0000 - 0x00007ffe4627e000 	C:\Program Files\Java\jdk-17\bin\msvcp140.dll
0x00007ffdf3800000 - 0x00007ffdf43e1000 	C:\Program Files\Java\jdk-17\bin\server\jvm.dll
0x00007ffe4eaf0000 - 0x00007ffe4eaf8000 	C:\WINDOWS\System32\PSAPI.DLL
0x00007ffdf46f0000 - 0x00007ffdf46f9000 	C:\WINDOWS\SYSTEM32\WSOCK32.dll
0x00007ffe47f20000 - 0x00007ffe47f54000 	C:\WINDOWS\SYSTEM32\WINMM.dll
0x00007ffe4f200000 - 0x00007ffe4f271000 	C:\WINDOWS\System32\WS2_32.dll
0x00007ffe4d070000 - 0x00007ffe4d088000 	C:\WINDOWS\SYSTEM32\kernel.appcore.dll
0x00007ffe466b0000 - 0x00007ffe466ba000 	C:\Program Files\Java\jdk-17\bin\jimage.dll
0x00007ffe4b720000 - 0x00007ffe4b953000 	C:\WINDOWS\SYSTEM32\DBGHELP.DLL
0x00007ffe4f510000 - 0x00007ffe4f898000 	C:\WINDOWS\System32\combase.dll
0x00007ffe505e0000 - 0x00007ffe506b7000 	C:\WINDOWS\System32\OLEAUT32.dll
0x00007ffe471b0000 - 0x00007ffe471e2000 	C:\WINDOWS\SYSTEM32\dbgcore.DLL
0x00007ffe4e800000 - 0x00007ffe4e87a000 	C:\WINDOWS\System32\bcryptPrimitives.dll
0x00007ffe466c0000 - 0x00007ffe466e5000 	C:\Program Files\Java\jdk-17\bin\java.dll
0x00007ffe46590000 - 0x00007ffe46667000 	C:\Program Files\Java\jdk-17\bin\jsvml.dll
0x00007ffe4f8a0000 - 0x00007ffe500fd000 	C:\WINDOWS\System32\SHELL32.dll
0x00007ffe4bf90000 - 0x00007ffe4c888000 	C:\WINDOWS\SYSTEM32\windows.storage.dll
0x00007ffe4be50000 - 0x00007ffe4bf8e000 	C:\WINDOWS\SYSTEM32\wintypes.dll
0x00007ffe50490000 - 0x00007ffe50583000 	C:\WINDOWS\System32\SHCORE.dll
0x00007ffe4eb00000 - 0x00007ffe4eb5e000 	C:\WINDOWS\System32\shlwapi.dll
0x00007ffe4df60000 - 0x00007ffe4df86000 	C:\WINDOWS\SYSTEM32\profapi.dll
0x00007ffe46690000 - 0x00007ffe466a9000 	C:\Program Files\Java\jdk-17\bin\net.dll
0x00007ffe48440000 - 0x00007ffe48577000 	C:\WINDOWS\SYSTEM32\WINHTTP.dll
0x00007ffe4d560000 - 0x00007ffe4d5c9000 	C:\WINDOWS\system32\mswsock.dll
0x00007ffe46550000 - 0x00007ffe46566000 	C:\Program Files\Java\jdk-17\bin\nio.dll
0x00007ffe46530000 - 0x00007ffe46548000 	C:\Program Files\Java\jdk-17\bin\zip.dll

dbghelp: loaded successfully - version: 4.0.5 - missing functions: none
symbol engine: initialized successfully - sym options: 0x614 - pdb path: .;C:\Program Files\Java\jdk-17\bin;C:\WINDOWS\SYSTEM32;C:\WINDOWS\WinSxS\amd64_microsoft.windows.common-controls_6595b64144ccf1df_6.0.22621.3235_none_270f74e173860f98;C:\Program Files\Java\jdk-17\bin\server

VM Arguments:
jvm_args: -Dclassworlds.conf=C:\Program Files\NetBeans-20\netbeans\java\maven\bin\m2.conf -Dmaven.home=C:\Program Files\NetBeans-20\netbeans\java\maven -Dlibrary.jansi.path=C:\Program Files\NetBeans-20\netbeans\java\maven\lib\jansi-native -Dmaven.multiModuleProjectDirectory=C:\Users\REMEDIOS CONTRERAS\Documents\NetBeansProjects\prestamosBiblioteca 
java_command: org.codehaus.plexus.classworlds.launcher.Launcher -Dexec.vmArgs= -Dexec.args=${exec.vmArgs} -classpath %classpath ${exec.mainClass} ${exec.appArgs} -Dexec.executable=java -Dexec.mainClass=com.mycompany.prestamosbiblioteca.Main -Dexec.classpathScope=runtime -Dexec.appArgs= -Dmaven.ext.class.path=C:\Program Files\NetBeans-20\netbeans\java\maven-nblib\netbeans-eventspy.jar -Dfile.encoding=UTF-8 process-classes org.codehaus.mojo:exec-maven-plugin:3.1.0:exec
java_class_path (initial): C:\Program Files\NetBeans-20\netbeans\java\maven\boot\plexus-classworlds-2.7.0.jar
Launcher Type: SUN_STANDARD

[Global flags]
     intx CICompilerCount                          = 4                                         {product} {ergonomic}
     uint ConcGCThreads                            = 2                                         {product} {ergonomic}
     uint G1ConcRefinementThreads                  = 8                                         {product} {ergonomic}
   size_t G1HeapRegionSize                         = 2097152                                   {product} {ergonomic}
    uintx GCDrainStackTargetSize                   = 64                                        {product} {ergonomic}
   size_t InitialHeapSize                          = 199229440                                 {product} {ergonomic}
   size_t MarkStackSize                            = 4194304                                   {product} {ergonomic}
   size_t MaxHeapSize                              = 3179282432                                {product} {ergonomic}
   size_t MaxNewSize                               = 1906311168                                {product} {ergonomic}
   size_t MinHeapDeltaBytes                        = 2097152                                   {product} {ergonomic}
   size_t MinHeapSize                              = 8388608                                   {product} {ergonomic}
    uintx NonNMethodCodeHeapSize                   = 5839372                                {pd product} {ergonomic}
    uintx NonProfiledCodeHeapSize                  = 122909434                              {pd product} {ergonomic}
    uintx ProfiledCodeHeapSize                     = 122909434                              {pd product} {ergonomic}
    uintx ReservedCodeCacheSize                    = 251658240                              {pd product} {ergonomic}
     bool SegmentedCodeCache                       = true                                      {product} {ergonomic}
   size_t SoftMaxHeapSize                          = 3179282432                             {manageable} {ergonomic}
     bool UseCompressedClassPointers               = true                           {product lp64_product} {ergonomic}
     bool UseCompressedOops                        = true                           {product lp64_product} {ergonomic}
     bool UseG1GC                                  = true                                      {product} {ergonomic}
     bool UseLargePagesIndividualAllocation        = false                                  {pd product} {ergonomic}

Logging:
Log output configuration:
 #0: stdout all=warning uptime,level,tags
 #1: stderr all=off uptime,level,tags

Environment Variables:
JAVA_HOME=C:\Program Files\Java\jdk-17
PATH=C:\Program Files\Common Files\Oracle\Java\javapath;C:\WINDOWS\system32;C:\WINDOWS;C:\WINDOWS\System32\Wbem;C:\WINDOWS\System32\WindowsPowerShell\v1.0\;C:\WINDOWS\System32\OpenSSH\;C:\Program Files\dotnet\;C:\Program Files\Git\cmd;C:\Program Files\MySQL\MySQL Shell 8.0\bin\;C:\Users\REMEDIOS CONTRERAS\AppData\Local\Microsoft\WindowsApps;C:\Users\REMEDIOS CONTRERAS\AppData\Local\GitHubDesktop\bin;C:\Users\REMEDIOS CONTRERAS\AppData\Local\Programs\Microsoft VS Code\bin
USERNAME=REMEDIOS CONTRERAS
OS=Windows_NT
PROCESSOR_IDENTIFIER=Intel64 Family 6 Model 142 Stepping 12, GenuineIntel



---------------  S Y S T E M  ---------------

OS:
 Windows 11 , 64 bit Build 22621 (10.0.22621.3235)
OS uptime: 0 days 0:16 hours

CPU: total 8 (initial active 8) (4 cores per cpu, 2 threads per core) family 6 model 142 stepping 12 microcode 0xea, cx8, cmov, fxsr, ht, mmx, 3dnowpref, sse, sse2, sse3, ssse3, sse4.1, sse4.2, popcnt, lzcnt, tsc, tscinvbit, avx, avx2, aes, erms, clmul, bmi1, bmi2, adx, fma, vzeroupper, clflush, clflushopt

Memory: 4k page, system-wide physical 12121M (1281M free)
TotalPageFile size 12121M (AvailPageFile size 2M)
current process WorkingSet (physical memory assigned to process): 28M, peak: 28M
current process commit charge ("private bytes"): 267M, peak: 267M

vm_info: Java HotSpot(TM) 64-Bit Server VM (17.0.9+11-LTS-201) for windows-amd64 JRE (17.0.9+11-LTS-201), built on Oct 10 2023 23:16:06 by "mach5one" with MS VC++ 17.1 (VS2022)

END.
